This file contains any messages produced by compilers while
running configure, to aid debugging if configure makes a mistake.

It was created by libjpeg configure 8.4.0, which was
generated by GNU Autoconf 2.68.  Invocation command line was

  $ ./configure 

## --------- ##
## Platform. ##
## --------- ##

hostname = powerbook
uname -m = i686
uname -r = 1.0.17(0.48/3/2)
uname -s = MINGW32_NT-6.1
uname -v = 2011-04-24 23:39

/usr/bin/uname -p = unknown
/bin/uname -X     = unknown

/bin/arch              = unknown
/usr/bin/arch -k       = unknown
/usr/convex/getsysinfo = unknown
/usr/bin/hostinfo      = unknown
/bin/machine           = unknown
/usr/bin/oslevel       = unknown
/bin/universe          = unknown

PATH: .
PATH: /usr/local/bin
PATH: /mingw/bin
PATH: /bin
PATH: /c/Program Files (x86)/NVIDIA Corporation/PhysX/Common
PATH: /c/Program Files (x86)/ImageMagick-6.7.1-Q8
PATH: /c/Windows/system32
PATH: /c/Windows
PATH: /c/Windows/System32/Wbem
PATH: /c/Windows/System32/WindowsPowerShell/v1.0/
PATH: /c/Program Files/TortoiseSVN/bin
PATH: /c/java/jdk1.6.0_26/bin
PATH: /d/ant/bin
PATH: /mingw/bin
PATH: /usr/bin
PATH: /c/Program Files/TortoiseGit/bin
PATH: /c/Program Files (x86)/Common Files/Teleca Shared
PATH: /d/play
PATH: "c
PATH: /Program Files (x86)/Notepad++"
PATH: /c/Program Files (x86)/CMake 2.8/bin
PATH: /d/maven/bin
PATH: /c/Ruby192/bin


## ----------- ##
## Core tests. ##
## ----------- ##

configure:2243: checking build system type
configure:2257: result: i686-pc-mingw32
configure:2277: checking host system type
configure:2290: result: i686-pc-mingw32
configure:2310: checking target system type
configure:2323: result: i686-pc-mingw32
configure:2368: checking for a BSD-compatible install
configure:2436: result: /bin/install -c
configure:2447: checking whether build environment is sane
configure:2497: result: yes
configure:2638: checking for a thread-safe mkdir -p
configure:2677: result: /bin/mkdir -p
configure:2690: checking for gawk
configure:2706: found /bin/gawk
configure:2717: result: gawk
configure:2728: checking whether make sets $(MAKE)
configure:2750: result: yes
configure:2860: checking for style of include used by make
configure:2888: result: GNU
configure:2959: checking for gcc
configure:2975: found /mingw/bin/gcc
configure:2986: result: gcc
configure:3215: checking for C compiler version
configure:3224: gcc --version >&5
gcc.exe (GCC) 4.5.2
Copyright (C) 2010 Free Software Foundation, Inc.
This is free software; see the source for copying conditions.  There is NO
warranty; not even for MERCHANTABILITY or FITNESS FOR A PARTICULAR PURPOSE.

configure:3235: $? = 0
configure:3224: gcc -v >&5
Using built-in specs.
COLLECT_GCC=d:\MinGW\bin\gcc.exe
COLLECT_LTO_WRAPPER=d:/mingw/bin/../libexec/gcc/mingw32/4.5.2/lto-wrapper.exe
Target: mingw32
Configured with: ../gcc-4.5.2/configure --enable-languages=c,c++,ada,fortran,objc,obj-c++ --disable-sjlj-exceptions --with-dwarf2 --enable-shared --enable-libgomp --disable-win32-registry --enable-libstdcxx-debug --enable-version-specific-runtime-libs --disable-werror --build=mingw32 --prefix=/mingw
Thread model: win32
gcc version 4.5.2 (GCC) 
configure:3235: $? = 0
configure:3224: gcc -V >&5
gcc.exe: '-V' option must have argument
configure:3235: $? = 1
configure:3224: gcc -qversion >&5
gcc.exe: unrecognized option '-qversion'
gcc.exe: no input files
configure:3235: $? = 1
configure:3255: checking whether the C compiler works
configure:3277: gcc    conftest.c  >&5
configure:3281: $? = 0
configure:3329: result: yes
configure:3332: checking for C compiler default output file name
configure:3334: result: a.exe
configure:3340: checking for suffix of executables
configure:3347: gcc -o conftest.exe    conftest.c  >&5
configure:3351: $? = 0
configure:3373: result: .exe
configure:3395: checking whether we are cross compiling
configure:3403: gcc -o conftest.exe    conftest.c  >&5
configure:3407: $? = 0
configure:3414: ./conftest.exe
configure:3418: $? = 0
configure:3433: result: no
configure:3438: checking for suffix of object files
configure:3460: gcc -c   conftest.c >&5
configure:3464: $? = 0
configure:3485: result: o
configure:3489: checking whether we are using the GNU C compiler
configure:3508: gcc -c   conftest.c >&5
configure:3508: $? = 0
configure:3517: result: yes
configure:3526: checking whether gcc accepts -g
configure:3546: gcc -c -g  conftest.c >&5
configure:3546: $? = 0
configure:3587: result: yes
configure:3604: checking for gcc option to accept ISO C89
configure:3668: gcc  -c -g -O2  conftest.c >&5
configure:3668: $? = 0
configure:3681: result: none needed
configure:3703: checking dependency style of gcc
configure:3814: result: gcc3
configure:3829: checking for function prototypes
configure:3832: result: yes
configure:3851: checking how to run the C preprocessor
configure:3882: gcc -E  conftest.c
configure:3882: $? = 0
configure:3896: gcc -E  conftest.c
conftest.c:13:28: fatal error: ac_nonexistent.h: No such file or directory
compilation terminated.
configure:3896: $? = 1
configure: failed program was:
| /* confdefs.h */
| #define PACKAGE_NAME "libjpeg"
| #define PACKAGE_TARNAME "libjpeg"
| #define PACKAGE_VERSION "8.4.0"
| #define PACKAGE_STRING "libjpeg 8.4.0"
| #define PACKAGE_BUGREPORT ""
| #define PACKAGE_URL ""
| #define PACKAGE "libjpeg"
| #define VERSION "8.4.0"
| #define PROTOTYPES 1
| #define __PROTOTYPES 1
| /* end confdefs.h.  */
| #include <ac_nonexistent.h>
configure:3921: result: gcc -E
configure:3941: gcc -E  conftest.c
configure:3941: $? = 0
configure:3955: gcc -E  conftest.c
conftest.c:13:28: fatal error: ac_nonexistent.h: No such file or directory
compilation terminated.
configure:3955: $? = 1
configure: failed program was:
| /* confdefs.h */
| #define PACKAGE_NAME "libjpeg"
| #define PACKAGE_TARNAME "libjpeg"
| #define PACKAGE_VERSION "8.4.0"
| #define PACKAGE_STRING "libjpeg 8.4.0"
| #define PACKAGE_BUGREPORT ""
| #define PACKAGE_URL ""
| #define PACKAGE "libjpeg"
| #define VERSION "8.4.0"
| #define PROTOTYPES 1
| #define __PROTOTYPES 1
| /* end confdefs.h.  */
| #include <ac_nonexistent.h>
configure:3984: checking for grep that handles long lines and -e
configure:4042: result: /bin/grep
configure:4047: checking for egrep
configure:4109: result: /bin/grep -E
configure:4114: checking for ANSI C header files
configure:4134: gcc -c -g -O2  conftest.c >&5
configure:4134: $? = 0
configure:4207: gcc -o conftest.exe -g -O2   conftest.c  >&5
configure:4207: $? = 0
configure:4207: ./conftest.exe
configure:4207: $? = 0
configure:4218: result: yes
configure:4231: checking for sys/types.h
configure:4231: gcc -c -g -O2  conftest.c >&5
configure:4231: $? = 0
configure:4231: result: yes
configure:4231: checking for sys/stat.h
configure:4231: gcc -c -g -O2  conftest.c >&5
configure:4231: $? = 0
configure:4231: result: yes
configure:4231: checking for stdlib.h
configure:4231: gcc -c -g -O2  conftest.c >&5
configure:4231: $? = 0
configure:4231: result: yes
configure:4231: checking for string.h
configure:4231: gcc -c -g -O2  conftest.c >&5
configure:4231: $? = 0
configure:4231: result: yes
configure:4231: checking for memory.h
configure:4231: gcc -c -g -O2  conftest.c >&5
configure:4231: $? = 0
configure:4231: result: yes
configure:4231: checking for strings.h
configure:4231: gcc -c -g -O2  conftest.c >&5
configure:4231: $? = 0
configure:4231: result: yes
configure:4231: checking for inttypes.h
configure:4231: gcc -c -g -O2  conftest.c >&5
configure:4231: $? = 0
configure:4231: result: yes
configure:4231: checking for stdint.h
configure:4231: gcc -c -g -O2  conftest.c >&5
configure:4231: $? = 0
configure:4231: result: yes
configure:4231: checking for unistd.h
configure:4231: gcc -c -g -O2  conftest.c >&5
configure:4231: $? = 0
configure:4231: result: yes
configure:4254: checking for string.h
configure:4254: result: yes
configure:4270: checking whether to enable maintainer-specific portions of Makefiles
configure:4279: result: no
configure:4342: checking for gcc
configure:4369: result: gcc
configure:4598: checking for C compiler version
configure:4607: gcc --version >&5
gcc.exe (GCC) 4.5.2
Copyright (C) 2010 Free Software Foundation, Inc.
This is free software; see the source for copying conditions.  There is NO
warranty; not even for MERCHANTABILITY or FITNESS FOR A PARTICULAR PURPOSE.

configure:4618: $? = 0
configure:4607: gcc -v >&5
Using built-in specs.
COLLECT_GCC=d:\MinGW\bin\gcc.exe
COLLECT_LTO_WRAPPER=d:/mingw/bin/../libexec/gcc/mingw32/4.5.2/lto-wrapper.exe
Target: mingw32
Configured with: ../gcc-4.5.2/configure --enable-languages=c,c++,ada,fortran,objc,obj-c++ --disable-sjlj-exceptions --with-dwarf2 --enable-shared --enable-libgomp --disable-win32-registry --enable-libstdcxx-debug --enable-version-specific-runtime-libs --disable-werror --build=mingw32 --prefix=/mingw
Thread model: win32
gcc version 4.5.2 (GCC) 
configure:4618: $? = 0
configure:4607: gcc -V >&5
gcc.exe: '-V' option must have argument
configure:4618: $? = 1
configure:4607: gcc -qversion >&5
gcc.exe: unrecognized option '-qversion'
gcc.exe: no input files
configure:4618: $? = 1
configure:4622: checking whether we are using the GNU C compiler
configure:4650: result: yes
configure:4659: checking whether gcc accepts -g
configure:4720: result: yes
configure:4737: checking for gcc option to accept ISO C89
configure:4814: result: none needed
configure:4836: checking dependency style of gcc
configure:4947: result: gcc3
configure:4966: checking for gcc option to accept ISO C99
configure:5115: gcc  -c -g -O2  conftest.c >&5
conftest.c:74:29: error: expected ';', ',' or ')' before 'text'
conftest.c: In function 'main':
conftest.c:128:18: error: expected '=', ',', ';', 'asm' or '__attribute__' before 'newvar'
conftest.c:128:18: error: 'newvar' undeclared (first use in this function)
conftest.c:128:18: note: each undeclared identifier is reported only once for each function it appears in
conftest.c:138:3: error: 'for' loop initial declarations are only allowed in C99 mode
conftest.c:138:3: note: use option -std=c99 or -std=gnu99 to compile your code
configure:5115: $? = 1
configure: failed program was:
| /* confdefs.h */
| #define PACKAGE_NAME "libjpeg"
| #define PACKAGE_TARNAME "libjpeg"
| #define PACKAGE_VERSION "8.4.0"
| #define PACKAGE_STRING "libjpeg 8.4.0"
| #define PACKAGE_BUGREPORT ""
| #define PACKAGE_URL ""
| #define PACKAGE "libjpeg"
| #define VERSION "8.4.0"
| #define PROTOTYPES 1
| #define __PROTOTYPES 1
| #define STDC_HEADERS 1
| #define HAVE_SYS_TYPES_H 1
| #define HAVE_SYS_STAT_H 1
| #define HAVE_STDLIB_H 1
| #define HAVE_STRING_H 1
| #define HAVE_MEMORY_H 1
| #define HAVE_STRINGS_H 1
| #define HAVE_INTTYPES_H 1
| #define HAVE_STDINT_H 1
| #define HAVE_UNISTD_H 1
| #define HAVE_STRING_H 1
| /* end confdefs.h.  */
| #include <stdarg.h>
| #include <stdbool.h>
| #include <stdlib.h>
| #include <wchar.h>
| #include <stdio.h>
| 
| // Check varargs macros.  These examples are taken from C99 6.10.3.5.
| #define debug(...) fprintf (stderr, __VA_ARGS__)
| #define showlist(...) puts (#__VA_ARGS__)
| #define report(test,...) ((test) ? puts (#test) : printf (__VA_ARGS__))
| static void
| test_varargs_macros (void)
| {
|   int x = 1234;
|   int y = 5678;
|   debug ("Flag");
|   debug ("X = %d\n", x);
|   showlist (The first, second, and third items.);
|   report (x>y, "x is %d but y is %d", x, y);
| }
| 
| // Check long long types.
| #define BIG64 18446744073709551615ull
| #define BIG32 4294967295ul
| #define BIG_OK (BIG64 / BIG32 == 4294967297ull && BIG64 % BIG32 == 0)
| #if !BIG_OK
|   your preprocessor is broken;
| #endif
| #if BIG_OK
| #else
|   your preprocessor is broken;
| #endif
| static long long int bignum = -9223372036854775807LL;
| static unsigned long long int ubignum = BIG64;
| 
| struct incomplete_array
| {
|   int datasize;
|   double data[];
| };
| 
| struct named_init {
|   int number;
|   const wchar_t *name;
|   double average;
| };
| 
| typedef const char *ccp;
| 
| static inline int
| test_restrict (ccp restrict text)
| {
|   // See if C++-style comments work.
|   // Iterate through items via the restricted pointer.
|   // Also check for declarations in for loops.
|   for (unsigned int i = 0; *(text+i) != '\0'; ++i)
|     continue;
|   return 0;
| }
| 
| // Check varargs and va_copy.
| static void
| test_varargs (const char *format, ...)
| {
|   va_list args;
|   va_start (args, format);
|   va_list args_copy;
|   va_copy (args_copy, args);
| 
|   const char *str;
|   int number;
|   float fnumber;
| 
|   while (*format)
|     {
|       switch (*format++)
| 	{
| 	case 's': // string
| 	  str = va_arg (args_copy, const char *);
| 	  break;
| 	case 'd': // int
| 	  number = va_arg (args_copy, int);
| 	  break;
| 	case 'f': // float
| 	  fnumber = va_arg (args_copy, double);
| 	  break;
| 	default:
| 	  break;
| 	}
|     }
|   va_end (args_copy);
|   va_end (args);
| }
| 
| int
| main ()
| {
| 
|   // Check bool.
|   _Bool success = false;
| 
|   // Check restrict.
|   if (test_restrict ("String literal") == 0)
|     success = true;
|   char *restrict newvar = "Another string";
| 
|   // Check varargs.
|   test_varargs ("s, d' f .", "string", 65, 34.234);
|   test_varargs_macros ();
| 
|   // Check flexible array members.
|   struct incomplete_array *ia =
|     malloc (sizeof (struct incomplete_array) + (sizeof (double) * 10));
|   ia->datasize = 10;
|   for (int i = 0; i < ia->datasize; ++i)
|     ia->data[i] = i * 1.234;
| 
|   // Check named initializers.
|   struct named_init ni = {
|     .number = 34,
|     .name = L"Test wide string",
|     .average = 543.34343,
|   };
| 
|   ni.number = 58;
| 
|   int dynamic_array[ni.number];
|   dynamic_array[ni.number - 1] = 543;
| 
|   // work around unused variable warnings
|   return (!success || bignum == 0LL || ubignum == 0uLL || newvar[0] == 'x'
| 	  || dynamic_array[ni.number - 1] != 543);
| 
|   ;
|   return 0;
| }
configure:5115: gcc -std=gnu99 -c -g -O2  conftest.c >&5
configure:5115: $? = 0
configure:5135: result: -std=gnu99
configure:5237: checking for gcc -std=gnu99 option to accept ISO Standard C
configure:5251: result: -std=gnu99
configure:5260: checking how to run the C preprocessor
configure:5330: result: gcc -E
configure:5350: gcc -E  conftest.c
configure:5350: $? = 0
configure:5364: gcc -E  conftest.c
conftest.c:24:28: fatal error: ac_nonexistent.h: No such file or directory
compilation terminated.
configure:5364: $? = 1
configure: failed program was:
| /* confdefs.h */
| #define PACKAGE_NAME "libjpeg"
| #define PACKAGE_TARNAME "libjpeg"
| #define PACKAGE_VERSION "8.4.0"
| #define PACKAGE_STRING "libjpeg 8.4.0"
| #define PACKAGE_BUGREPORT ""
| #define PACKAGE_URL ""
| #define PACKAGE "libjpeg"
| #define VERSION "8.4.0"
| #define PROTOTYPES 1
| #define __PROTOTYPES 1
| #define STDC_HEADERS 1
| #define HAVE_SYS_TYPES_H 1
| #define HAVE_SYS_STAT_H 1
| #define HAVE_STDLIB_H 1
| #define HAVE_STRING_H 1
| #define HAVE_MEMORY_H 1
| #define HAVE_STRINGS_H 1
| #define HAVE_INTTYPES_H 1
| #define HAVE_STDINT_H 1
| #define HAVE_UNISTD_H 1
| #define HAVE_STRING_H 1
| /* end confdefs.h.  */
| #include <ac_nonexistent.h>
configure:5393: checking whether make sets $(MAKE)
configure:5415: result: yes
configure:5424: checking whether ln -s works
configure:5431: result: no, using cp -p
configure:5444: checking if LD -Wl,--version-script works
configure:5468: gcc -std=gnu99 -o conftest.exe -g -O2   -Wl,--version-script=conftest.map conftest.c  >&5
configure:5468: $? = 0
configure:5477: result: yes
configure:5490: checking for function prototypes
configure:5510: gcc -std=gnu99 -c -g -O2  conftest.c >&5
configure:5510: $? = 0
configure:5518: result: yes
configure:5541: checking stddef.h usability
configure:5541: gcc -std=gnu99 -c -g -O2  conftest.c >&5
configure:5541: $? = 0
configure:5541: result: yes
configure:5541: checking stddef.h presence
configure:5541: gcc -E  conftest.c
configure:5541: $? = 0
configure:5541: result: yes
configure:5541: checking for stddef.h
configure:5541: result: yes
configure:5541: checking for stdlib.h
configure:5541: result: yes
configure:5541: checking locale.h usability
configure:5541: gcc -std=gnu99 -c -g -O2  conftest.c >&5
configure:5541: $? = 0
configure:5541: result: yes
configure:5541: checking locale.h presence
configure:5541: gcc -E  conftest.c
configure:5541: $? = 0
configure:5541: result: yes
configure:5541: checking for locale.h
configure:5541: result: yes
configure:5551: checking for string.h
configure:5551: result: yes
configure:5564: checking for size_t
configure:5591: gcc -std=gnu99 -c -g -O2  conftest.c >&5
configure:5591: $? = 0
configure:5597: result: yes
configure:5633: checking for type unsigned char
configure:5646: gcc -std=gnu99 -c -g -O2  conftest.c >&5
configure:5646: $? = 0
configure:5647: result: yes
configure:5658: checking for type unsigned short
configure:5671: gcc -std=gnu99 -c -g -O2  conftest.c >&5
configure:5671: $? = 0
configure:5672: result: yes
configure:5683: checking for type void
configure:5717: gcc -std=gnu99 -c -g -O2  conftest.c >&5
configure:5717: $? = 0
configure:5718: result: yes
configure:5728: checking for an ANSI C-conforming const
configure:5793: gcc -std=gnu99 -c -g -O2  conftest.c >&5
configure:5793: $? = 0
configure:5800: result: yes
configure:5810: checking for inline
configure:5825: gcc -std=gnu99 -c -g -O2  conftest.c >&5
configure:5825: $? = 0
configure:5863: result: __inline__
configure:5872: checking for broken incomplete types
configure:5885: gcc -std=gnu99 -c -g -O2  conftest.c >&5
configure:5885: $? = 0
configure:5886: result: ok
configure:5898: checking for short external names
configure:5914: gcc -std=gnu99 -o conftest.exe -g -O2   conftest.c  >&5
configure:5914: $? = 0
configure:5915: result: ok
configure:5928: checking to see if char is signed
configure:5961: gcc -std=gnu99 -o conftest.exe -g -O2   conftest.c  >&5
conftest.c: In function 'is_char_signed':
conftest.c:43:5: warning: implicit declaration of function 'printf'
conftest.c:43:5: warning: incompatible implicit declaration of built-in function 'printf'
conftest.c: In function 'main':
conftest.c:50:3: warning: implicit declaration of function 'exit'
conftest.c:50:3: warning: incompatible implicit declaration of built-in function 'exit'
configure:5961: $? = 0
configure:5961: ./conftest.exe
configure:5961: $? = 1
configure: program exited with status 1
configure: failed program was:
| /* confdefs.h */
| #define PACKAGE_NAME "libjpeg"
| #define PACKAGE_TARNAME "libjpeg"
| #define PACKAGE_VERSION "8.4.0"
| #define PACKAGE_STRING "libjpeg 8.4.0"
| #define PACKAGE_BUGREPORT ""
| #define PACKAGE_URL ""
| #define PACKAGE "libjpeg"
| #define VERSION "8.4.0"
| #define PROTOTYPES 1
| #define __PROTOTYPES 1
| #define STDC_HEADERS 1
| #define HAVE_SYS_TYPES_H 1
| #define HAVE_SYS_STAT_H 1
| #define HAVE_STDLIB_H 1
| #define HAVE_STRING_H 1
| #define HAVE_MEMORY_H 1
| #define HAVE_STRINGS_H 1
| #define HAVE_INTTYPES_H 1
| #define HAVE_STDINT_H 1
| #define HAVE_UNISTD_H 1
| #define HAVE_STRING_H 1
| #define HAVE_PROTOTYPES 1
| #define HAVE_STDDEF_H 1
| #define HAVE_STDLIB_H 1
| #define HAVE_LOCALE_H 1
| #define HAVE_UNSIGNED_CHAR 1
| #define HAVE_UNSIGNED_SHORT 1
| #define INLINE __inline__
| /* end confdefs.h.  */
| 
| #ifdef HAVE_PROTOTYPES
| int is_char_signed (int arg)
| #else
| int is_char_signed (arg)
|      int arg;
| #endif
| {
|   if (arg == 189) {		/* expected result for unsigned char */
|     return 0;			/* type char is unsigned */
|   }
|   else if (arg != -67) {	/* expected result for signed char */
|     printf("Hmm, it seems 'char' is not eight bits wide on your machine.\n");
|     printf("I fear the JPEG software will not work at all.\n\n");
|   }
|   return 1;			/* assume char is signed otherwise */
| }
| char signed_char_check = (char) (-67);
| int main() {
|   exit(is_char_signed((int) signed_char_check));
| }
configure:5968: result: yes
configure:5976: checking to see if right shift is signed
configure:6012: gcc -std=gnu99 -o conftest.exe -g -O2   conftest.c  >&5
conftest.c: In function 'is_shifting_signed':
conftest.c:51:3: warning: implicit declaration of function 'printf'
conftest.c:51:3: warning: incompatible implicit declaration of built-in function 'printf'
conftest.c: In function 'main':
conftest.c:56:3: warning: implicit declaration of function 'exit'
conftest.c:56:3: warning: incompatible implicit declaration of built-in function 'exit'
configure:6012: $? = 0
configure:6012: ./conftest.exe
configure:6012: $? = 1
configure: program exited with status 1
configure: failed program was:
| /* confdefs.h */
| #define PACKAGE_NAME "libjpeg"
| #define PACKAGE_TARNAME "libjpeg"
| #define PACKAGE_VERSION "8.4.0"
| #define PACKAGE_STRING "libjpeg 8.4.0"
| #define PACKAGE_BUGREPORT ""
| #define PACKAGE_URL ""
| #define PACKAGE "libjpeg"
| #define VERSION "8.4.0"
| #define PROTOTYPES 1
| #define __PROTOTYPES 1
| #define STDC_HEADERS 1
| #define HAVE_SYS_TYPES_H 1
| #define HAVE_SYS_STAT_H 1
| #define HAVE_STDLIB_H 1
| #define HAVE_STRING_H 1
| #define HAVE_MEMORY_H 1
| #define HAVE_STRINGS_H 1
| #define HAVE_INTTYPES_H 1
| #define HAVE_STDINT_H 1
| #define HAVE_UNISTD_H 1
| #define HAVE_STRING_H 1
| #define HAVE_PROTOTYPES 1
| #define HAVE_STDDEF_H 1
| #define HAVE_STDLIB_H 1
| #define HAVE_LOCALE_H 1
| #define HAVE_UNSIGNED_CHAR 1
| #define HAVE_UNSIGNED_SHORT 1
| #define INLINE __inline__
| /* end confdefs.h.  */
| 
| #ifdef HAVE_PROTOTYPES
| int is_shifting_signed (long arg)
| #else
| int is_shifting_signed (arg)
|      long arg;
| #endif
| /* See whether right-shift on a long is signed or not. */
| {
|   long res = arg >> 4;
| 
|   if (res == -0x7F7E80CL) {	/* expected result for signed shift */
|     return 1;			/* right shift is signed */
|   }
|   /* see if unsigned-shift hack will fix it. */
|   /* we can't just test exact value since it depends on width of long... */
|   res |= (~0L) << (32-4);
|   if (res == -0x7F7E80CL) {	/* expected result now? */
|     return 0;			/* right shift is unsigned */
|   }
|   printf("Right shift isn't acting as I expect it to.\n");
|   printf("I fear the JPEG software will not work at all.\n\n");
|   return 0;			/* try it with unsigned anyway */
| }
| int main() {
|   exit(is_shifting_signed(-0x7F7E80B1L));
| }
configure:6019: result: yes
configure:6027: checking to see if fopen accepts b spec
configure:6043: gcc -std=gnu99 -o conftest.exe -g -O2   conftest.c  >&5
conftest.c: In function 'main':
conftest.c:35:5: warning: implicit declaration of function 'exit'
conftest.c:35:5: warning: incompatible implicit declaration of built-in function 'exit'
conftest.c:36:3: warning: incompatible implicit declaration of built-in function 'exit'
configure:6043: $? = 0
configure:6043: ./conftest.exe
configure:6043: $? = 0
configure:6044: result: yes
configure:6106: checking for as
configure:6122: found /mingw/bin/as
configure:6133: result: as
configure:6198: checking for dlltool
configure:6214: found /mingw/bin/dlltool
configure:6225: result: dlltool
configure:6290: checking for objdump
configure:6306: found /mingw/bin/objdump
configure:6317: result: objdump
configure:6408: checking how to print strings
configure:6435: result: printf
configure:6456: checking for a sed that does not truncate output
configure:6520: result: /bin/sed
configure:6538: checking for fgrep
configure:6600: result: /bin/grep -F
configure:6635: checking for ld used by gcc -std=gnu99
configure:6702: result: d:/mingw/mingw32/bin/ld.exe
configure:6709: checking if the linker (d:/mingw/mingw32/bin/ld.exe) is GNU ld
configure:6724: result: yes
configure:6736: checking for BSD- or MS-compatible name lister (nm)
configure:6785: result: /mingw/bin/nm
configure:6915: checking the name lister (/mingw/bin/nm) interface
configure:6922: gcc -std=gnu99 -c -g -O2  conftest.c >&5
configure:6925: /mingw/bin/nm "conftest.o"
configure:6928: output
00000000 b .bss
00000000 d .data
00000000 N .debug_abbrev
00000000 N .debug_info
00000000 N .debug_line
00000000 N .debug_pubnames
00000000 t .text
00000000 B _some_variable
configure:6935: result: BSD nm
configure:6939: checking the maximum length of command line arguments
configure:7069: result: 8192
configure:7086: checking whether the shell understands some XSI constructs
configure:7096: result: yes
configure:7100: checking whether the shell understands "+="
configure:7106: result: yes
configure:7141: checking how to convert i686-pc-mingw32 file names to i686-pc-mingw32 format
configure:7181: result: func_convert_file_msys_to_w32
configure:7188: checking how to convert i686-pc-mingw32 file names to toolchain format
configure:7208: result: func_convert_file_msys_to_w32
configure:7215: checking for d:/mingw/mingw32/bin/ld.exe option to reload object files
configure:7222: result: -r
configure:7296: checking for objdump
configure:7323: result: objdump
configure:7352: checking how to recognize dependent libraries
configure:7554: result: file_magic ^x86 archive import|^x86 DLL
configure:7639: checking for dlltool
configure:7666: result: dlltool
configure:7696: checking how to associate runtime and link libraries
configure:7723: result: func_cygming_dll_for_implib
configure:7783: checking for ar
configure:7799: found /mingw/bin/ar
configure:7810: result: ar
configure:7847: checking for archiver @FILE support
configure:7864: gcc -std=gnu99 -c -g -O2  conftest.c >&5
configure:7864: $? = 0
configure:7867: ar cru libconftest.a @conftest.lst >&5
configure:7870: $? = 0
configure:7875: ar cru libconftest.a @conftest.lst >&5
d:\MinGW\bin\ar.exe: conftest.o: No such file or directory
configure:7878: $? = 1
configure:7890: result: @
configure:7948: checking for strip
configure:7964: found /mingw/bin/strip
configure:7975: result: strip
configure:8047: checking for ranlib
configure:8063: found /mingw/bin/ranlib
configure:8074: result: ranlib
configure:8176: checking command to parse /mingw/bin/nm output from gcc -std=gnu99 object
configure:8296: gcc -std=gnu99 -c -g -O2  conftest.c >&5
configure:8299: $? = 0
configure:8303: /mingw/bin/nm conftest.o \| sed -n -e 's/^.*[ ]\([ABCDGIRSTW][ABCDGIRSTW]*\)[ ][ ]*\([_A-Za-z][_A-Za-z0-9]*\)\{0,1\}$/\1 \2 \2/p' | sed '/ __gnu_lto/d' \> conftest.nm
configure:8306: $? = 0
cannot find nm_test_var in conftest.nm
configure:8296: gcc -std=gnu99 -c -g -O2  conftest.c >&5
configure:8299: $? = 0
configure:8303: /mingw/bin/nm conftest.o \| sed -n -e 's/^.*[ ]\([ABCDGIRSTW][ABCDGIRSTW]*\)[ ][ ]*_\([_A-Za-z][_A-Za-z0-9]*\)\{0,1\}$/\1 _\2 \2/p' | sed '/ __gnu_lto/d' \> conftest.nm
configure:8306: $? = 0
configure:8372: gcc -std=gnu99 -o conftest.exe -g -O2   conftest.c conftstm.o >&5
configure:8375: $? = 0
configure:8413: result: ok
configure:8450: checking for sysroot
configure:8480: result: no
configure:8736: checking for mt
configure:8766: result: no
configure:8786: checking if : is a manifest tool
configure:8792: : '-?'
configure:8800: result: no
configure:9439: checking for dlfcn.h
configure:9439: gcc -std=gnu99 -c -g -O2  conftest.c >&5
conftest.c:65:19: fatal error: dlfcn.h: No such file or directory
compilation terminated.
configure:9439: $? = 1
configure: failed program was:
| /* confdefs.h */
| #define PACKAGE_NAME "libjpeg"
| #define PACKAGE_TARNAME "libjpeg"
| #define PACKAGE_VERSION "8.4.0"
| #define PACKAGE_STRING "libjpeg 8.4.0"
| #define PACKAGE_BUGREPORT ""
| #define PACKAGE_URL ""
| #define PACKAGE "libjpeg"
| #define VERSION "8.4.0"
| #define PROTOTYPES 1
| #define __PROTOTYPES 1
| #define STDC_HEADERS 1
| #define HAVE_SYS_TYPES_H 1
| #define HAVE_SYS_STAT_H 1
| #define HAVE_STDLIB_H 1
| #define HAVE_STRING_H 1
| #define HAVE_MEMORY_H 1
| #define HAVE_STRINGS_H 1
| #define HAVE_INTTYPES_H 1
| #define HAVE_STDINT_H 1
| #define HAVE_UNISTD_H 1
| #define HAVE_STRING_H 1
| #define HAVE_PROTOTYPES 1
| #define HAVE_STDDEF_H 1
| #define HAVE_STDLIB_H 1
| #define HAVE_LOCALE_H 1
| #define HAVE_UNSIGNED_CHAR 1
| #define HAVE_UNSIGNED_SHORT 1
| #define INLINE __inline__
| /* end confdefs.h.  */
| #include <stdio.h>
| #ifdef HAVE_SYS_TYPES_H
| # include <sys/types.h>
| #endif
| #ifdef HAVE_SYS_STAT_H
| # include <sys/stat.h>
| #endif
| #ifdef STDC_HEADERS
| # include <stdlib.h>
| # include <stddef.h>
| #else
| # ifdef HAVE_STDLIB_H
| #  include <stdlib.h>
| # endif
| #endif
| #ifdef HAVE_STRING_H
| # if !defined STDC_HEADERS && defined HAVE_MEMORY_H
| #  include <memory.h>
| # endif
| # include <string.h>
| #endif
| #ifdef HAVE_STRINGS_H
| # include <strings.h>
| #endif
| #ifdef HAVE_INTTYPES_H
| # include <inttypes.h>
| #endif
| #ifdef HAVE_STDINT_H
| # include <stdint.h>
| #endif
| #ifdef HAVE_UNISTD_H
| # include <unistd.h>
| #endif
| 
| #include <dlfcn.h>
configure:9439: result: no
configure:9643: checking for objdir
configure:9658: result: .libs
configure:9925: checking if gcc -std=gnu99 supports -fno-rtti -fno-exceptions
configure:9943: gcc -std=gnu99 -c -g -O2  -fno-rtti -fno-exceptions conftest.c >&5
cc1.exe: warning: command line option "-fno-rtti" is valid for C++/ObjC++ but not for C
configure:9947: $? = 0
configure:9960: result: no
configure:10287: checking for gcc -std=gnu99 option to produce PIC
configure:10294: result: -DDLL_EXPORT -DPIC
configure:10302: checking if gcc -std=gnu99 PIC flag -DDLL_EXPORT -DPIC works
configure:10320: gcc -std=gnu99 -c -g -O2  -DDLL_EXPORT -DPIC -DPIC conftest.c >&5
configure:10324: $? = 0
configure:10337: result: yes
configure:10366: checking if gcc -std=gnu99 static flag -static works
configure:10394: result: yes
configure:10409: checking if gcc -std=gnu99 supports -c -o file.o
configure:10430: gcc -std=gnu99 -c -g -O2  -o out/conftest2.o conftest.c >&5
configure:10434: $? = 0
configure:10456: result: yes
configure:10464: checking if gcc -std=gnu99 supports -c -o file.o
configure:10511: result: yes
configure:10544: checking whether the gcc -std=gnu99 linker (d:/mingw/mingw32/bin/ld.exe) supports shared libraries
configure:11697: result: yes
configure:11734: checking whether -lc should be explicitly linked in
configure:11742: gcc -std=gnu99 -c -g -O2  conftest.c >&5
configure:11745: $? = 0
configure:11760: gcc -std=gnu99 -shared conftest.o  -v -o ./conftest -Wl,--enable-auto-image-base -Xlinker --out-implib -Xlinker conftest 2\>\&1 \| /bin/grep  -lc  \>/dev/null 2\>\&1
configure:11763: $? = 1
configure:11777: result: yes
configure:11937: checking dynamic linker characteristics
configure:12670: result: Win32 ld.exe
configure:12777: checking how to hardcode library paths into programs
configure:12802: result: immediate
configure:13342: checking whether stripping libraries is possible
configure:13347: result: yes
configure:13382: checking if libtool supports shared libraries
configure:13384: result: yes
configure:13387: checking whether to build shared libraries
configure:13408: result: yes
configure:13411: checking whether to build static libraries
configure:13415: result: yes
configure:13534: checking libjpeg version number
configure:13540: result: 12:0:4
configure:13686: creating ./config.status

## ---------------------- ##
## Running config.status. ##
## ---------------------- ##

This file was extended by libjpeg config.status 8.4.0, which was
generated by GNU Autoconf 2.68.  Invocation command line was

  CONFIG_FILES    = 
  CONFIG_HEADERS  = 
  CONFIG_LINKS    = 
  CONFIG_COMMANDS = 
  $ ./config.status 

on powerbook

config.status:1127: creating Makefile
config.status:1127: creating jconfig.h
config.status:1356: executing depfiles commands
config.status:1356: executing libtool commands

## ---------------- ##
## Cache variables. ##
## ---------------- ##

ac_cv_build=i686-pc-mingw32
ac_cv_c_compiler_gnu=yes
ac_cv_c_const=yes
ac_cv_env_CC_set=
ac_cv_env_CC_value=
ac_cv_env_CFLAGS_set=
ac_cv_env_CFLAGS_value=
ac_cv_env_CPPFLAGS_set=
ac_cv_env_CPPFLAGS_value=
ac_cv_env_CPP_set=
ac_cv_env_CPP_value=
ac_cv_env_LDFLAGS_set=
ac_cv_env_LDFLAGS_value=
ac_cv_env_LIBS_set=
ac_cv_env_LIBS_value=
ac_cv_env_build_alias_set=
ac_cv_env_build_alias_value=
ac_cv_env_host_alias_set=
ac_cv_env_host_alias_value=
ac_cv_env_target_alias_set=
ac_cv_env_target_alias_value=
ac_cv_exeext=.exe
ac_cv_header_dlfcn_h=no
ac_cv_header_inttypes_h=yes
ac_cv_header_locale_h=yes
ac_cv_header_memory_h=yes
ac_cv_header_stdc=yes
ac_cv_header_stddef_h=yes
ac_cv_header_stdint_h=yes
ac_cv_header_stdlib_h=yes
ac_cv_header_string_h=yes
ac_cv_header_strings_h=yes
ac_cv_header_sys_stat_h=yes
ac_cv_header_sys_types_h=yes
ac_cv_header_unistd_h=yes
ac_cv_host=i686-pc-mingw32
ac_cv_objext=o
ac_cv_path_EGREP='/bin/grep -E'
ac_cv_path_FGREP='/bin/grep -F'
ac_cv_path_GREP=/bin/grep
ac_cv_path_SED=/bin/sed
ac_cv_path_install='/bin/install -c'
ac_cv_path_mkdir=/bin/mkdir
ac_cv_prog_AWK=gawk
ac_cv_prog_CPP='gcc -E'
ac_cv_prog_ac_ct_AR=ar
ac_cv_prog_ac_ct_AS=as
ac_cv_prog_ac_ct_CC=gcc
ac_cv_prog_ac_ct_DLLTOOL=dlltool
ac_cv_prog_ac_ct_OBJDUMP=objdump
ac_cv_prog_ac_ct_RANLIB=ranlib
ac_cv_prog_ac_ct_STRIP=strip
ac_cv_prog_cc_c89=
ac_cv_prog_cc_c99=-std=gnu99
ac_cv_prog_cc_g=yes
ac_cv_prog_cc_stdc=-std=gnu99
ac_cv_prog_make_make_set=yes
ac_cv_target=i686-pc-mingw32
am_cv_CC_dependencies_compiler_type=gcc3
ijg_cv_have_prototypes=yes
ijg_cv_inline=__inline__
lt_cv_ar_at_file=@
lt_cv_archive_cmds_need_lc=yes
lt_cv_deplibs_check_method='file_magic ^x86 archive import|^x86 DLL'
lt_cv_file_magic_cmd=func_win32_libid
lt_cv_file_magic_test_file=
lt_cv_ld_reload_flag=-r
lt_cv_nm_interface='BSD nm'
lt_cv_objdir=.libs
lt_cv_path_LD=d:/mingw/mingw32/bin/ld.exe
lt_cv_path_NM=/mingw/bin/nm
lt_cv_path_mainfest_tool=no
lt_cv_prog_compiler_c_o=yes
lt_cv_prog_compiler_pic='-DDLL_EXPORT -DPIC'
lt_cv_prog_compiler_pic_works=yes
lt_cv_prog_compiler_rtti_exceptions=no
lt_cv_prog_compiler_static_works=yes
lt_cv_prog_gnu_ld=yes
lt_cv_sharedlib_from_linklib_cmd=func_cygming_dll_for_implib
lt_cv_sys_global_symbol_pipe='sed -n -e '\''s/^.*[	 ]\([ABCDGIRSTW][ABCDGIRSTW]*\)[	 ][	 ]*_\([_A-Za-z][_A-Za-z0-9]*\)\{0,1\}$/\1 _\2 \2/p'\'' | sed '\''/ __gnu_lto/d'\'''
lt_cv_sys_global_symbol_to_c_name_address='sed -n -e '\''s/^: \([^ ]*\)[ ]*$/  {\"\1\", (void *) 0},/p'\'' -e '\''s/^[ABCDGIRSTW]* \([^ ]*\) \([^ ]*\)$/  {"\2", (void *) \&\2},/p'\'''
lt_cv_sys_global_symbol_to_c_name_address_lib_prefix='sed -n -e '\''s/^: \([^ ]*\)[ ]*$/  {\"\1\", (void *) 0},/p'\'' -e '\''s/^[ABCDGIRSTW]* \([^ ]*\) \(lib[^ ]*\)$/  {"\2", (void *) \&\2},/p'\'' -e '\''s/^[ABCDGIRSTW]* \([^ ]*\) \([^ ]*\)$/  {"lib\2", (void *) \&\2},/p'\'''
lt_cv_sys_global_symbol_to_cdecl='sed -n -e '\''s/^T .* \(.*\)$/extern int \1();/p'\'' -e '\''s/^[ABCDGIRSTW]* .* \(.*\)$/extern char \1;/p'\'''
lt_cv_sys_max_cmd_len=8192
lt_cv_to_host_file_cmd=func_convert_file_msys_to_w32
lt_cv_to_tool_file_cmd=func_convert_file_msys_to_w32

## ----------------- ##
## Output variables. ##
## ----------------- ##

ACLOCAL='${SHELL} /c/Users/mzechner/Downloads/jpegsrc.v8d/missing --run aclocal-1.11'
AMDEPBACKSLASH='\'
AMDEP_FALSE='#'
AMDEP_TRUE=''
AMTAR='${SHELL} /c/Users/mzechner/Downloads/jpegsrc.v8d/missing --run tar'
AM_BACKSLASH='\'
AM_DEFAULT_VERBOSITY='0'
ANSI2KNR=''
AR='ar'
AS='as'
AUTOCONF='${SHELL} /c/Users/mzechner/Downloads/jpegsrc.v8d/missing --run autoconf'
AUTOHEADER='echo autoheader ignored'
AUTOMAKE='${SHELL} /c/Users/mzechner/Downloads/jpegsrc.v8d/missing --run automake-1.11'
AWK='gawk'
CC='gcc -std=gnu99'
CCDEPMODE='depmode=gcc3'
CFLAGS='-g -O2'
CPP='gcc -E'
CPPFLAGS=''
CYGPATH_W='echo'
DEFS='-DHAVE_CONFIG_H'
DEPDIR='.deps'
DLLTOOL='dlltool'
DSYMUTIL=''
DUMPBIN=''
ECHO_C=''
ECHO_N='-n'
ECHO_T=''
EGREP='/bin/grep -E'
EXEEXT='.exe'
FGREP='/bin/grep -F'
GREP='/bin/grep'
HAVE_LD_VERSION_SCRIPT_FALSE='#'
HAVE_LD_VERSION_SCRIPT_TRUE=''
INSTALL_DATA='${INSTALL} -m 644'
INSTALL_PROGRAM='${INSTALL}'
INSTALL_SCRIPT='${INSTALL}'
INSTALL_STRIP_PROGRAM='$(install_sh) -c -s'
JPEG_LIB_VERSION='12:0:4'
LD='d:/mingw/mingw32/bin/ld.exe'
LDFLAGS=''
LIBOBJS=''
LIBS=''
LIBTOOL='$(SHELL) $(top_builddir)/libtool'
LIPO=''
LN_S='cp -p'
LTLIBOBJS=''
MAINT='#'
MAINTAINER_MODE_FALSE=''
MAINTAINER_MODE_TRUE='#'
MAKEINFO='${SHELL} /c/Users/mzechner/Downloads/jpegsrc.v8d/missing --run makeinfo'
MANIFEST_TOOL=':'
MEMORYMGR='jmemnobs'
MKDIR_P='/bin/mkdir -p'
NM='/mingw/bin/nm'
NMEDIT=''
OBJDUMP='objdump'
OBJEXT='o'
OTOOL64=''
OTOOL=''
PACKAGE='libjpeg'
PACKAGE_BUGREPORT=''
PACKAGE_NAME='libjpeg'
PACKAGE_STRING='libjpeg 8.4.0'
PACKAGE_TARNAME='libjpeg'
PACKAGE_URL=''
PACKAGE_VERSION='8.4.0'
PATH_SEPARATOR=':'
RANLIB='ranlib'
SED='/bin/sed'
SET_MAKE=''
SHELL='/bin/sh'
STRIP='strip'
U=''
VERSION='8.4.0'
ac_ct_AR='ar'
ac_ct_CC='gcc'
ac_ct_DUMPBIN=''
am__EXEEXT_FALSE='#'
am__EXEEXT_TRUE=''
am__fastdepCC_FALSE='#'
am__fastdepCC_TRUE=''
am__include='include'
am__isrc=''
am__leading_dot='.'
am__nodep='_no'
am__quote=''
am__tar='${AMTAR} chof - "$$tardir"'
am__untar='${AMTAR} xf -'
bindir='${exec_prefix}/bin'
build='i686-pc-mingw32'
build_alias=''
build_cpu='i686'
build_os='mingw32'
build_vendor='pc'
datadir='${datarootdir}'
datarootdir='${prefix}/share'
docdir='${datarootdir}/doc/${PACKAGE_TARNAME}'
dvidir='${docdir}'
exec_prefix='${prefix}'
host='i686-pc-mingw32'
host_alias=''
host_cpu='i686'
host_os='mingw32'
host_vendor='pc'
htmldir='${docdir}'
includedir='${prefix}/include'
infodir='${datarootdir}/info'
install_sh='${SHELL} /c/Users/mzechner/Downloads/jpegsrc.v8d/install-sh'
libdir='${exec_prefix}/lib'
libexecdir='${exec_prefix}/libexec'
localedir='${datarootdir}/locale'
localstatedir='${prefix}/var'
mandir='${datarootdir}/man'
mkdir_p='/bin/mkdir -p'
oldincludedir='/usr/include'
pdfdir='${docdir}'
prefix='/usr/local'
program_transform_name='s,x,x,'
psdir='${docdir}'
sbindir='${exec_prefix}/sbin'
sharedstatedir='${prefix}/com'
sysconfdir='${prefix}/etc'
target='i686-pc-mingw32'
target_alias=''
target_cpu='i686'
target_os='mingw32'
target_vendor='pc'

## ----------- ##
## confdefs.h. ##
## ----------- ##

/* confdefs.h */
#define PACKAGE_NAME "libjpeg"
#define PACKAGE_TARNAME "libjpeg"
#define PACKAGE_VERSION "8.4.0"
#define PACKAGE_STRING "libjpeg 8.4.0"
#define PACKAGE_BUGREPORT ""
#define PACKAGE_URL ""
#define PACKAGE "libjpeg"
#define VERSION "8.4.0"
#define PROTOTYPES 1
#define __PROTOTYPES 1
#define STDC_HEADERS 1
#define HAVE_SYS_TYPES_H 1
#define HAVE_SYS_STAT_H 1
#define HAVE_STDLIB_H 1
#define HAVE_STRING_H 1
#define HAVE_MEMORY_H 1
#define HAVE_STRINGS_H 1
#define HAVE_INTTYPES_H 1
#define HAVE_STDINT_H 1
#define HAVE_UNISTD_H 1
#define HAVE_STRING_H 1
#define HAVE_PROTOTYPES 1
#define HAVE_STDDEF_H 1
#define HAVE_STDLIB_H 1
#define HAVE_LOCALE_H 1
#define HAVE_UNSIGNED_CHAR 1
#define HAVE_UNSIGNED_SHORT 1
#define INLINE __inline__
#define LT_OBJDIR ".libs/"

configure: exit 0
